This is pdfTeX, Version 3.14159265-2.6-1.40.15 (TeX Live 2014) (preloaded format=pdflatex 2014.10.9)  12 DEC 2014 23:01
entering extended mode
 restricted \write18 enabled.
 file:line:error style messages enabled.
 %&-line parsing enabled.
**report.tex
(./report.tex
LaTeX2e <2014/05/01>
Babel <3.9k> and hyphenation patterns for 78 languages loaded.
(/usr/local/texlive/2014/texmf-dist/tex/latex/base/article.cls
Document Class: article 2007/10/19 v1.4h Standard LaTeX document class
(/usr/local/texlive/2014/texmf-dist/tex/latex/base/size11.clo
File: size11.clo 2007/10/19 v1.4h Standard LaTeX file (size option)
)
\c@part=\count79
\c@section=\count80
\c@subsection=\count81
\c@subsubsection=\count82
\c@paragraph=\count83
\c@subparagraph=\count84
\c@figure=\count85
\c@table=\count86
\abovecaptionskip=\skip41
\belowcaptionskip=\skip42
\bibindent=\dimen102
)
(/usr/local/texlive/2014/texmf-dist/tex/latex/geometry/geometry.sty
Package: geometry 2010/09/12 v5.6 Page Geometry

(/usr/local/texlive/2014/texmf-dist/tex/latex/graphics/keyval.sty
Package: keyval 2014/05/08 v1.15 key=value parser (DPC)
\KV@toks@=\toks14
)
(/usr/local/texlive/2014/texmf-dist/tex/generic/oberdiek/ifpdf.sty
Package: ifpdf 2011/01/30 v2.3 Provides the ifpdf switch (HO)
Package ifpdf Info: pdfTeX in PDF mode is detected.
)
(/usr/local/texlive/2014/texmf-dist/tex/generic/oberdiek/ifvtex.sty
Package: ifvtex 2010/03/01 v1.5 Detect VTeX and its facilities (HO)
Package ifvtex Info: VTeX not detected.
)
(/usr/local/texlive/2014/texmf-dist/tex/generic/ifxetex/ifxetex.sty
Package: ifxetex 2010/09/12 v0.6 Provides ifxetex conditional
)
\Gm@cnth=\count87
\Gm@cntv=\count88
\c@Gm@tempcnt=\count89
\Gm@bindingoffset=\dimen103
\Gm@wd@mp=\dimen104
\Gm@odd@mp=\dimen105
\Gm@even@mp=\dimen106
\Gm@layoutwidth=\dimen107
\Gm@layoutheight=\dimen108
\Gm@layouthoffset=\dimen109
\Gm@layoutvoffset=\dimen110
\Gm@dimlist=\toks15
)
(/usr/local/texlive/2014/texmf-dist/tex/latex/graphics/graphicx.sty
Package: graphicx 2014/04/25 v1.0g Enhanced LaTeX Graphics (DPC,SPQR)

(/usr/local/texlive/2014/texmf-dist/tex/latex/graphics/graphics.sty
Package: graphics 2009/02/05 v1.0o Standard LaTeX Graphics (DPC,SPQR)

(/usr/local/texlive/2014/texmf-dist/tex/latex/graphics/trig.sty
Package: trig 1999/03/16 v1.09 sin cos tan (DPC)
)
(/usr/local/texlive/2014/texmf-dist/tex/latex/latexconfig/graphics.cfg
File: graphics.cfg 2010/04/23 v1.9 graphics configuration of TeX Live
)
Package graphics Info: Driver file: pdftex.def on input line 91.

(/usr/local/texlive/2014/texmf-dist/tex/latex/pdftex-def/pdftex.def
File: pdftex.def 2011/05/27 v0.06d Graphics/color for pdfTeX

(/usr/local/texlive/2014/texmf-dist/tex/generic/oberdiek/infwarerr.sty
Package: infwarerr 2010/04/08 v1.3 Providing info/warning/error messages (HO)
)
(/usr/local/texlive/2014/texmf-dist/tex/generic/oberdiek/ltxcmds.sty
Package: ltxcmds 2011/11/09 v1.22 LaTeX kernel commands for general use (HO)
)
\Gread@gobject=\count90
))
\Gin@req@height=\dimen111
\Gin@req@width=\dimen112
)
(/usr/local/texlive/2014/texmf-dist/tex/latex/amsfonts/amssymb.sty
Package: amssymb 2013/01/14 v3.01 AMS font symbols

(/usr/local/texlive/2014/texmf-dist/tex/latex/amsfonts/amsfonts.sty
Package: amsfonts 2013/01/14 v3.01 Basic AMSFonts support
\@emptytoks=\toks16
\symAMSa=\mathgroup4
\symAMSb=\mathgroup5
LaTeX Font Info:    Overwriting math alphabet `\mathfrak' in version `bold'
(Font)                  U/euf/m/n --> U/euf/b/n on input line 106.
))
(/usr/local/texlive/2014/texmf-dist/tex/latex/oberdiek/epstopdf.sty
Package: epstopdf 2010/02/09 v2.5 Conversion with epstopdf on the fly (HO)

(/usr/local/texlive/2014/texmf-dist/tex/latex/oberdiek/epstopdf-base.sty
Package: epstopdf-base 2010/02/09 v2.5 Base part for package epstopdf

(/usr/local/texlive/2014/texmf-dist/tex/latex/oberdiek/grfext.sty
Package: grfext 2010/08/19 v1.1 Manage graphics extensions (HO)

(/usr/local/texlive/2014/texmf-dist/tex/generic/oberdiek/kvdefinekeys.sty
Package: kvdefinekeys 2011/04/07 v1.3 Define keys (HO)
))
(/usr/local/texlive/2014/texmf-dist/tex/latex/oberdiek/kvoptions.sty
Package: kvoptions 2011/06/30 v3.11 Key value format for package options (HO)

(/usr/local/texlive/2014/texmf-dist/tex/generic/oberdiek/kvsetkeys.sty
Package: kvsetkeys 2012/04/25 v1.16 Key value parser (HO)

(/usr/local/texlive/2014/texmf-dist/tex/generic/oberdiek/etexcmds.sty
Package: etexcmds 2011/02/16 v1.5 Avoid name clashes with e-TeX commands (HO)

(/usr/local/texlive/2014/texmf-dist/tex/generic/oberdiek/ifluatex.sty
Package: ifluatex 2010/03/01 v1.3 Provides the ifluatex switch (HO)
Package ifluatex Info: LuaTeX not detected.
)
Package etexcmds Info: Could not find \expanded.
(etexcmds)             That can mean that you are not using pdfTeX 1.50 or
(etexcmds)             that some package has redefined \expanded.
(etexcmds)             In the latter case, load this package earlier.
)))
(/usr/local/texlive/2014/texmf-dist/tex/generic/oberdiek/pdftexcmds.sty
Package: pdftexcmds 2011/11/29 v0.20 Utility functions of pdfTeX for LuaTeX (HO
)
Package pdftexcmds Info: LuaTeX not detected.
Package pdftexcmds Info: \pdf@primitive is available.
Package pdftexcmds Info: \pdf@ifprimitive is available.
Package pdftexcmds Info: \pdfdraftmode found.
)
Package grfext Info: Graphics extension search list:
(grfext)             [.png,.pdf,.jpg,.mps,.jpeg,.jbig2,.jb2,.PNG,.PDF,.JPG,.JPE
G,.JBIG2,.JB2,.eps]
(grfext)             \AppendGraphicsExtensions on input line 452.

(/usr/local/texlive/2014/texmf-dist/tex/latex/latexconfig/epstopdf-sys.cfg
File: epstopdf-sys.cfg 2010/07/13 v1.3 Configuration of (r)epstopdf for TeX Liv
e
)))
(/usr/local/texlive/2014/texmf-dist/tex/latex/natbib/natbib.sty
Package: natbib 2010/09/13 8.31b (PWD, AO)
\bibhang=\skip43
\bibsep=\skip44
LaTeX Info: Redefining \cite on input line 694.
\c@NAT@ctr=\count91
)
(/usr/local/texlive/2014/texmf-dist/tex/latex/amsmath/amsmath.sty
Package: amsmath 2013/01/14 v2.14 AMS math features
\@mathmargin=\skip45

For additional information on amsmath, use the `?' option.
(/usr/local/texlive/2014/texmf-dist/tex/latex/amsmath/amstext.sty
Package: amstext 2000/06/29 v2.01

(/usr/local/texlive/2014/texmf-dist/tex/latex/amsmath/amsgen.sty
File: amsgen.sty 1999/11/30 v2.0
\@emptytoks=\toks17
\ex@=\dimen113
))
(/usr/local/texlive/2014/texmf-dist/tex/latex/amsmath/amsbsy.sty
Package: amsbsy 1999/11/29 v1.2d
\pmbraise@=\dimen114
)
(/usr/local/texlive/2014/texmf-dist/tex/latex/amsmath/amsopn.sty
Package: amsopn 1999/12/14 v2.01 operator names
)
\inf@bad=\count92
LaTeX Info: Redefining \frac on input line 210.
\uproot@=\count93
\leftroot@=\count94
LaTeX Info: Redefining \overline on input line 306.
\classnum@=\count95
\DOTSCASE@=\count96
LaTeX Info: Redefining \ldots on input line 378.
LaTeX Info: Redefining \dots on input line 381.
LaTeX Info: Redefining \cdots on input line 466.
\Mathstrutbox@=\box26
\strutbox@=\box27
\big@size=\dimen115
LaTeX Font Info:    Redeclaring font encoding OML on input line 566.
LaTeX Font Info:    Redeclaring font encoding OMS on input line 567.
\macc@depth=\count97
\c@MaxMatrixCols=\count98
\dotsspace@=\muskip10
\c@parentequation=\count99
\dspbrk@lvl=\count100
\tag@help=\toks18
\row@=\count101
\column@=\count102
\maxfields@=\count103
\andhelp@=\toks19
\eqnshift@=\dimen116
\alignsep@=\dimen117
\tagshift@=\dimen118
\tagwidth@=\dimen119
\totwidth@=\dimen120
\lineht@=\dimen121
\@envbody=\toks20
\multlinegap=\skip46
\multlinetaggap=\skip47
\mathdisplay@stack=\toks21
LaTeX Info: Redefining \[ on input line 2665.
LaTeX Info: Redefining \] on input line 2666.
)
(/usr/local/texlive/2014/texmf-dist/tex/latex/pdfpages/pdfpages.sty
Package: pdfpages 2013/08/25 v0.4v Insert pages of external PDF documents (AM)

(/usr/local/texlive/2014/texmf-dist/tex/latex/base/ifthen.sty
Package: ifthen 2001/05/26 v1.1c Standard LaTeX ifthen package (DPC)
)
(/usr/local/texlive/2014/texmf-dist/tex/latex/tools/calc.sty
Package: calc 2007/08/22 v4.3 Infix arithmetic (KKT,FJ)
\calc@Acount=\count104
\calc@Bcount=\count105
\calc@Adimen=\dimen122
\calc@Bdimen=\dimen123
\calc@Askip=\skip48
\calc@Bskip=\skip49
LaTeX Info: Redefining \setlength on input line 75.
LaTeX Info: Redefining \addtolength on input line 76.
\calc@Ccount=\count106
\calc@Cskip=\skip50
)
(/usr/local/texlive/2014/texmf-dist/tex/latex/eso-pic/eso-pic.sty
Package: eso-pic 2013/10/06 v2.0d eso-pic (RN)

(/usr/local/texlive/2014/texmf-dist/tex/generic/oberdiek/atbegshi.sty
Package: atbegshi 2011/10/05 v1.16 At begin shipout hook (HO)
)
(/usr/local/texlive/2014/texmf-dist/tex/latex/xcolor/xcolor.sty
Package: xcolor 2007/01/21 v2.11 LaTeX color extensions (UK)

(/usr/local/texlive/2014/texmf-dist/tex/latex/latexconfig/color.cfg
File: color.cfg 2007/01/18 v1.5 color configuration of teTeX/TeXLive
)
Package xcolor Info: Driver file: pdftex.def on input line 225.
Package xcolor Info: Model `cmy' substituted by `cmy0' on input line 1337.
Package xcolor Info: Model `hsb' substituted by `rgb' on input line 1341.
Package xcolor Info: Model `RGB' extended on input line 1353.
Package xcolor Info: Model `HTML' substituted by `rgb' on input line 1355.
Package xcolor Info: Model `Hsb' substituted by `hsb' on input line 1356.
Package xcolor Info: Model `tHsb' substituted by `hsb' on input line 1357.
Package xcolor Info: Model `HSB' substituted by `hsb' on input line 1358.
Package xcolor Info: Model `Gray' substituted by `gray' on input line 1359.
Package xcolor Info: Model `wave' substituted by `hsb' on input line 1360.
))
(/usr/local/texlive/2014/texmf-dist/tex/latex/pdfpages/pppdftex.def
File: pppdftex.def 2013/08/25 v0.4v Pdfpages driver for pdfTeX (AM)
)
\AM@pagebox=\box28
\AM@toc@title=\toks22
\c@AM@survey=\count107
\AM@templatesizebox=\box29
)
(./report.aux)
\openout1 = `report.aux'.

LaTeX Font Info:    Checking defaults for OML/cmm/m/it on input line 21.
LaTeX Font Info:    ... okay on input line 21.
LaTeX Font Info:    Checking defaults for T1/cmr/m/n on input line 21.
LaTeX Font Info:    ... okay on input line 21.
LaTeX Font Info:    Checking defaults for OT1/cmr/m/n on input line 21.
LaTeX Font Info:    ... okay on input line 21.
LaTeX Font Info:    Checking defaults for OMS/cmsy/m/n on input line 21.
LaTeX Font Info:    ... okay on input line 21.
LaTeX Font Info:    Checking defaults for OMX/cmex/m/n on input line 21.
LaTeX Font Info:    ... okay on input line 21.
LaTeX Font Info:    Checking defaults for U/cmr/m/n on input line 21.
LaTeX Font Info:    ... okay on input line 21.

*geometry* driver: auto-detecting
*geometry* detected driver: pdftex
*geometry* verbose mode - [ preamble ] result:
* driver: pdftex
* paper: letterpaper
* layout: <same size as paper>
* layoutoffset:(h,v)=(0.0pt,0.0pt)
* modes: 
* h-part:(L,W,R)=(92.14519pt, 430.00462pt, 92.14519pt)
* v-part:(T,H,B)=(95.39737pt, 556.47656pt, 143.09605pt)
* \paperwidth=614.295pt
* \paperheight=794.96999pt
* \textwidth=430.00462pt
* \textheight=556.47656pt
* \oddsidemargin=19.8752pt
* \evensidemargin=19.8752pt
* \topmargin=-13.87262pt
* \headheight=12.0pt
* \headsep=25.0pt
* \topskip=11.0pt
* \footskip=30.0pt
* \marginparwidth=59.0pt
* \marginparsep=10.0pt
* \columnsep=10.0pt
* \skip\footins=10.0pt plus 4.0pt minus 2.0pt
* \hoffset=0.0pt
* \voffset=0.0pt
* \mag=1000
* \@twocolumnfalse
* \@twosidefalse
* \@mparswitchfalse
* \@reversemarginfalse
* (1in=72.27pt=25.4mm, 1cm=28.453pt)

(/usr/local/texlive/2014/texmf-dist/tex/context/base/supp-pdf.mkii
[Loading MPS to PDF converter (version 2006.09.02).]
\scratchcounter=\count108
\scratchdimen=\dimen124
\scratchbox=\box30
\nofMPsegments=\count109
\nofMParguments=\count110
\everyMPshowfont=\toks23
\MPscratchCnt=\count111
\MPscratchDim=\dimen125
\MPnumerator=\count112
\makeMPintoPDFobject=\count113
\everyMPtoPDFconversion=\toks24
)
\AtBeginShipoutBox=\box31
 (./cover.tex
Package epstopdf Info: Source file: <ETHlogo.eps>
(epstopdf)                    date: 2014-10-01 08:31:06
(epstopdf)                    size: 179075 bytes
(epstopdf)             Output file: <ETHlogo-eps-converted-to.pdf>
(epstopdf)                    date: 2014-11-13 10:32:27
(epstopdf)                    size: 14362 bytes
(epstopdf)             Command: <repstopdf --outfile=ETHlogo-eps-converted-to.p
df ETHlogo.eps>
(epstopdf)             \includegraphics on input line 5.
Package epstopdf Info: Output file is already uptodate.
 <ETHlogo-eps-converted-to.pdf, id=1, 179.67125pt x 45.16875pt>
File: ETHlogo-eps-converted-to.pdf Graphic file (type pdf)

<use ETHlogo-eps-converted-to.pdf>
Package pdftex.def Info: ETHlogo-eps-converted-to.pdf used on input line 5.
(pdftex.def)             Requested size: 142.26378pt x 35.76698pt.
LaTeX Font Info:    Try loading font information for U+msa on input line 34.

(/usr/local/texlive/2014/texmf-dist/tex/latex/amsfonts/umsa.fd
File: umsa.fd 2013/01/14 v3.01 AMS symbols A
)
LaTeX Font Info:    Try loading font information for U+msb on input line 34.

(/usr/local/texlive/2014/texmf-dist/tex/latex/amsfonts/umsb.fd
File: umsb.fd 2013/01/14 v3.01 AMS symbols B
)) [1

{/usr/local/texlive/2014/texmf-var/fonts/map/pdftex/updmap/pdftex.map} <./ETHlo
go-eps-converted-to.pdf>]
Overfull \hbox (5.3226pt too wide) in paragraph at lines 47--65
 [] 
 []

[2] <declaration-originality.pdf, id=16, 597.55246pt x 845.07718pt>
File: declaration-originality.pdf Graphic file (type pdf)

<use declaration-originality.pdf>
Package pdftex.def Info: declaration-originality.pdf used on input line 73.
(pdftex.def)             Requested size: 597.551pt x 845.07512pt.
File: declaration-originality.pdf Graphic file (type pdf)
 <use declaration-originality.pdf>
Package pdftex.def Info: declaration-originality.pdf used on input line 73.
(pdftex.def)             Requested size: 597.551pt x 845.07512pt.

<declaration-originality.pdf, id=19, page=1, 597.55246pt x 845.07718pt>
File: declaration-originality.pdf Graphic file (type pdf)

<use declaration-originality.pdf, page 1>
Package pdftex.def Info: declaration-originality.pdf, page1 used on input line 
73.
(pdftex.def)             Requested size: 597.551pt x 845.07512pt.
File: declaration-originality.pdf Graphic file (type pdf)

<use declaration-originality.pdf, page 1>
Package pdftex.def Info: declaration-originality.pdf, page1 used on input line 
73.
(pdftex.def)             Requested size: 597.551pt x 845.07512pt.
File: declaration-originality.pdf Graphic file (type pdf)

<use declaration-originality.pdf, page 1>
Package pdftex.def Info: declaration-originality.pdf, page1 used on input line 
73.
(pdftex.def)             Requested size: 597.551pt x 845.07512pt.
File: declaration-originality.pdf Graphic file (type pdf)

<use declaration-originality.pdf, page 1>
Package pdftex.def Info: declaration-originality.pdf, page1 used on input line 
73.
(pdftex.def)             Requested size: 597.551pt x 845.07512pt.
File: declaration-originality.pdf Graphic file (type pdf)

<use declaration-originality.pdf, page 1>
Package pdftex.def Info: declaration-originality.pdf, page1 used on input line 
73.
(pdftex.def)             Requested size: 597.551pt x 845.07512pt.
 [3 <./declaration-originality.pdf>]
(./report.toc [4])
\tf@toc=\write3
\openout3 = `report.toc'.

 [5]
Underfull \hbox (badness 10000) in paragraph at lines 87--92

 []


Underfull \hbox (badness 10000) in paragraph at lines 87--92

 []


Underfull \hbox (badness 10000) in paragraph at lines 96--101

 []


Underfull \hbox (badness 10000) in paragraph at lines 96--101

 []

[6] [7]
Underfull \hbox (badness 10000) in paragraph at lines 113--117

 []

[8]
Underfull \hbox (badness 10000) in paragraph at lines 135--140

 []


Underfull \hbox (badness 10000) in paragraph at lines 135--140

 []

[9]
Underfull \hbox (badness 10000) in paragraph at lines 155--158

 []

[10]
Underfull \hbox (badness 10000) in paragraph at lines 161--169

 []


Underfull \hbox (badness 10000) in paragraph at lines 161--169

 []


Underfull \hbox (badness 10000) in paragraph at lines 161--169

 []

[11]
Underfull \hbox (badness 10000) in paragraph at lines 178--204

 []

[12] [13] [14]
Underfull \hbox (badness 10000) in paragraph at lines 236--264

 []


Underfull \hbox (badness 10000) in paragraph at lines 236--264

 []


Underfull \hbox (badness 10000) in paragraph at lines 236--264

 []

[15] [16]
<../../code/base_model/cum_kills_vs_LEO_civ.png, id=115, 578.16pt x 433.62pt>
File: ../../code/base_model/cum_kills_vs_LEO_civ.png Graphic file (type png)

<use ../../code/base_model/cum_kills_vs_LEO_civ.png>
Package pdftex.def Info: ../../code/base_model/cum_kills_vs_LEO_civ.png used on
 input line 287.
(pdftex.def)             Requested size: 258.00539pt x 193.49953pt.

<../../code/modified_model/cum_kills_vs_LEO_civ.png, id=116, 578.16pt x 433.62p
t>
File: ../../code/modified_model/cum_kills_vs_LEO_civ.png Graphic file (type png
)
 <use ../../code/modified_model/cum_kills_vs_LEO_civ.png>
Package pdftex.def Info: ../../code/modified_model/cum_kills_vs_LEO_civ.png use
d on input line 294.
(pdftex.def)             Requested size: 258.00539pt x 193.49953pt.

Underfull \hbox (badness 10000) in paragraph at lines 282--298

 []

[17] <../../code/base_model/L_T_dep_mean.png, id=120, 578.16pt x 433.62pt>
File: ../../code/base_model/L_T_dep_mean.png Graphic file (type png)

<use ../../code/base_model/L_T_dep_mean.png>
Package pdftex.def Info: ../../code/base_model/L_T_dep_mean.png used on input l
ine 305.
(pdftex.def)             Requested size: 258.00539pt x 193.49953pt.

<../../code/modified_model/L_T_mean_dep_mean.png, id=121, 578.16pt x 433.62pt>
File: ../../code/modified_model/L_T_mean_dep_mean.png Graphic file (type png)

<use ../../code/modified_model/L_T_mean_dep_mean.png>
Package pdftex.def Info: ../../code/modified_model/L_T_mean_dep_mean.png used o
n input line 311.
(pdftex.def)             Requested size: 258.00539pt x 193.49953pt.

Underfull \hbox (badness 10000) in paragraph at lines 300--315

 []

[18 <../../code/base_model/cum_kills_vs_LEO_civ.png (PNG copy)>]
<../../code/modified_model/L_T_std_dep.png, id=125, 578.16pt x 433.62pt>
File: ../../code/modified_model/L_T_std_dep.png Graphic file (type png)

<use ../../code/modified_model/L_T_std_dep.png>
Package pdftex.def Info: ../../code/modified_model/L_T_std_dep.png used on inpu
t line 320.
(pdftex.def)             Requested size: 258.00539pt x 193.49953pt.
 [19 <../../code/modified_model/cum_kills_vs_LEO_civ.png (PNG copy)>] [20 <../.
./code/base_model/L_T_dep_mean.png (PNG copy)> <../../code/modified_model/L_T_m
ean_dep_mean.png (PNG copy)>]
<../../code/modified_model/k_L_dep.png, id=133, 578.16pt x 433.62pt>
File: ../../code/modified_model/k_L_dep.png Graphic file (type png)

<use ../../code/modified_model/k_L_dep.png>
Package pdftex.def Info: ../../code/modified_model/k_L_dep.png used on input li
ne 329.
(pdftex.def)             Requested size: 258.00539pt x 193.49953pt.
 [21 <../../code/modified_model/L_T_std_dep.png (PNG copy)>]
Underfull \hbox (badness 10000) in paragraph at lines 335--346

 []


Underfull \hbox (badness 10000) in paragraph at lines 335--346

 []


Underfull \hbox (badness 10000) in paragraph at lines 335--346

 []


Underfull \hbox (badness 10000) in paragraph at lines 335--346

 []


Underfull \hbox (badness 10000) in paragraph at lines 335--346

 []

[22 <../../code/modified_model/k_L_dep.png (PNG copy)>] [23] (./report.bbl)
[24]
Underfull \hbox (badness 10000) in paragraph at lines 358--389

 []


Underfull \hbox (badness 10000) in paragraph at lines 358--389

 []


Underfull \hbox (badness 10000) in paragraph at lines 358--389

 []


Underfull \hbox (badness 10000) in paragraph at lines 358--389

 []

[25] [26] [27]
<../../code/base_model/map_end_L_09.png, id=157, 578.16pt x 433.62pt>
File: ../../code/base_model/map_end_L_09.png Graphic file (type png)

<use ../../code/base_model/map_end_L_09.png>
Package pdftex.def Info: ../../code/base_model/map_end_L_09.png used on input l
ine 404.
(pdftex.def)             Requested size: 344.005pt x 258.0038pt.

<../../code/base_model/grevance_end_L_09.png, id=158, 578.16pt x 433.62pt>
File: ../../code/base_model/grevance_end_L_09.png Graphic file (type png)

<use ../../code/base_model/grevance_end_L_09.png>
Package pdftex.def Info: ../../code/base_model/grevance_end_L_09.png used on in
put line 410.
(pdftex.def)             Requested size: 344.005pt x 258.0038pt.

<../../code/modified_model/map_end_L_09.png, id=159, 578.16pt x 433.62pt>
File: ../../code/modified_model/map_end_L_09.png Graphic file (type png)

<use ../../code/modified_model/map_end_L_09.png>
Package pdftex.def Info: ../../code/modified_model/map_end_L_09.png used on inp
ut line 416.
(pdftex.def)             Requested size: 344.005pt x 258.0038pt.

<../../code/modified_model/grevance_end_L_09.png, id=160, 578.16pt x 433.62pt>
File: ../../code/modified_model/grevance_end_L_09.png Graphic file (type png)

<use ../../code/modified_model/grevance_end_L_09.png>
Package pdftex.def Info: ../../code/modified_model/grevance_end_L_09.png used o
n input line 422.
(pdftex.def)             Requested size: 344.005pt x 258.0038pt.
 [28 <../../code/base_model/map_end_L_09.png (PNG copy)>] [29 <../../code/base_
model/grevance_end_L_09.png (PNG copy)>] [30 <../../code/modified_model/map_end
_L_09.png (PNG copy)>]
[31 <../../code/modified_model/grevance_end_L_09.png (PNG copy)>] [32]
(./report.aux) ) 
Here is how much of TeX's memory you used:
 4575 strings out of 493117
 64046 string characters out of 6135433
 148585 words of memory out of 5000000
 7936 multiletter control sequences out of 15000+600000
 16475 words of font info for 62 fonts, out of 8000000 for 9000
 1141 hyphenation exceptions out of 8191
 42i,19n,48p,1918b,424s stack positions out of 5000i,500n,10000p,200000b,80000s
</usr/local/texlive/2014/texmf-dist/fonts/type1/public/amsfonts
/cm/cmbx10.pfb></usr/local/texlive/2014/texmf-dist/fonts/type1/public/amsfonts/
cm/cmbx12.pfb></usr/local/texlive/2014/texmf-dist/fonts/type1/public/amsfonts/c
m/cmex10.pfb></usr/local/texlive/2014/texmf-dist/fonts/type1/public/amsfonts/cm
/cmmi10.pfb></usr/local/texlive/2014/texmf-dist/fonts/type1/public/amsfonts/cm/
cmmi12.pfb></usr/local/texlive/2014/texmf-dist/fonts/type1/public/amsfonts/cm/c
mmi6.pfb></usr/local/texlive/2014/texmf-dist/fonts/type1/public/amsfonts/cm/cmm
i8.pfb></usr/local/texlive/2014/texmf-dist/fonts/type1/public/amsfonts/cm/cmmib
10.pfb></usr/local/texlive/2014/texmf-dist/fonts/type1/public/amsfonts/cmextra/
cmmib6.pfb></usr/local/texlive/2014/texmf-dist/fonts/type1/public/amsfonts/cmex
tra/cmmib8.pfb></usr/local/texlive/2014/texmf-dist/fonts/type1/public/amsfonts/
cm/cmr10.pfb></usr/local/texlive/2014/texmf-dist/fonts/type1/public/amsfonts/cm
/cmr12.pfb></usr/local/texlive/2014/texmf-dist/fonts/type1/public/amsfonts/cm/c
mr17.pfb></usr/local/texlive/2014/texmf-dist/fonts/type1/public/amsfonts/cm/cmr
8.pfb></usr/local/texlive/2014/texmf-dist/fonts/type1/public/amsfonts/cm/cmsy10
.pfb></usr/local/texlive/2014/texmf-dist/fonts/type1/public/amsfonts/cm/cmsy8.p
fb></usr/local/texlive/2014/texmf-dist/fonts/type1/public/amsfonts/cm/cmti12.pf
b>
Output written on report.pdf (32 pages, 989258 bytes).
PDF statistics:
 232 PDF objects out of 1000 (max. 8388607)
 155 compressed objects within 2 object streams
 0 named destinations out of 1000 (max. 500000)
 76 words of extra memory for PDF output out of 10000 (max. 10000000)

